<?xml version="1.0" encoding="UTF-8"?>
<!-- Generated by org.testng.reporters.JUnitReportReporter -->
<testsuite hostname="LAPTOP-PFPSH5DU" failures="0" tests="1" name="com.uitests.homepagetest.HomePageTests" time="10.398" errors="0" timestamp="13 Sep 2021 11:41:43 GMT" skipped="0">
  <testcase classname="com.uitests.homepagetest.HomePageTests" name="verifyTitleOfHomePage" time="10.398"/>
</testsuite> <!-- com.uitests.homepagetest.HomePageTests -->
